<?xml version="1.0" encoding="UTF-8"?>
<testng-results total="5" passed="4" failed="1" skipped="0">
  <reporter-output>
  </reporter-output>
  <suite started-at="2024-04-16T21:10:48Z" name="Suite" finished-at="2024-04-16T21:11:11Z" duration-ms="23148">
    <groups>
    </groups>
    <test started-at="2024-04-16T21:10:48Z" name="Test1" finished-at="2024-04-16T21:10:48Z" duration-ms="16">
    </test> <!-- Test1 -->
    <test started-at="2024-04-16T21:10:48Z" name="Test" finished-at="2024-04-16T21:11:11Z" duration-ms="23148">
      <class name="com.cucmber.pratice.com.cucumber.RunnerClass">
        <test-method signature="SubmitOrder()[pri:0, instance:com.cucmber.pratice.com.cucumber.RunnerClass@514646ef]" started-at="2024-04-17T02:40:48Z" name="SubmitOrder" finished-at="2024-04-17T02:41:02Z" duration-ms="13866" status="PASS">
          <reporter-output>
          </reporter-output>
        </test-method> <!-- SubmitOrder -->
        <test-method signature="SubmitOrderforedge()[pri:0, instance:com.cucmber.pratice.com.cucumber.RunnerClass@514646ef]" started-at="2024-04-17T02:41:02Z" name="SubmitOrderforedge" finished-at="2024-04-17T02:41:08Z" duration-ms="6633" status="FAIL">
          <exception class="java.lang.AssertionError">
            <full-stacktrace>
              <![CDATA[java.lang.AssertionError
	at org.junit.Assert.fail(Assert.java:86)
	at org.junit.Assert.assertTrue(Assert.java:41)
	at org.junit.Assert.assertTrue(Assert.java:52)
	at com.cucmber.pratice.com.cucumber.RunnerClass.SubmitOrderforedge(RunnerClass.java:60)
	at java.base/jdk.internal.reflect.NativeMethodAccessorImpl.invoke0(Native Method)
	at java.base/jdk.internal.reflect.NativeMethodAccessorImpl.invoke(NativeMethodAccessorImpl.java:62)
	at java.base/jdk.internal.reflect.DelegatingMethodAccessorImpl.invoke(DelegatingMethodAccessorImpl.java:43)
	at java.base/java.lang.reflect.Method.invoke(Method.java:564)
	at org.testng.internal.MethodInvocationHelper.invokeMethod(MethodInvocationHelper.java:86)
	at org.testng.internal.Invoker.invokeMethod(Invoker.java:643)
	at org.testng.internal.Invoker.invokeTestMethod(Invoker.java:820)
	at org.testng.internal.Invoker.invokeTestMethods(Invoker.java:1128)
	at org.testng.internal.TestMethodWorker.invokeTestMethods(TestMethodWorker.java:129)
	at org.testng.internal.TestMethodWorker.run(TestMethodWorker.java:112)
	at org.testng.TestRunner.privateRun(TestRunner.java:782)
	at org.testng.TestRunner.run(TestRunner.java:632)
	at org.testng.SuiteRunner.runTest(SuiteRunner.java:366)
	at org.testng.SuiteRunner.access$000(SuiteRunner.java:39)
	at org.testng.SuiteRunner$SuiteWorker.run(SuiteRunner.java:400)
	at org.testng.internal.thread.ThreadUtil$2.call(ThreadUtil.java:64)
	at java.base/java.util.concurrent.FutureTask.run(FutureTask.java:264)
	at java.base/java.util.concurrent.ThreadPoolExecutor.runWorker(ThreadPoolExecutor.java:1130)
	at java.base/java.util.concurrent.ThreadPoolExecutor$Worker.run(ThreadPoolExecutor.java:630)
	at java.base/java.lang.Thread.run(Thread.java:832)
]]>
            </full-stacktrace>
          </exception> <!-- java.lang.AssertionError -->
          <reporter-output>
          </reporter-output>
        </test-method> <!-- SubmitOrderforedge -->
        <test-method signature="SubmitOrderforedge1()[pri:0, instance:com.cucmber.pratice.com.cucumber.RunnerClass@514646ef]" started-at="2024-04-17T02:41:11Z" name="SubmitOrderforedge1" finished-at="2024-04-17T02:41:11Z" duration-ms="1" status="PASS">
          <reporter-output>
          </reporter-output>
        </test-method> <!-- SubmitOrderforedge1 -->
        <test-method signature="SubmitOrderforedge2()[pri:0, instance:com.cucmber.pratice.com.cucumber.RunnerClass@514646ef]" started-at="2024-04-17T02:41:11Z" name="SubmitOrderforedge2" finished-at="2024-04-17T02:41:11Z" duration-ms="2" status="PASS">
          <reporter-output>
          </reporter-output>
        </test-method> <!-- SubmitOrderforedge2 -->
        <test-method signature="SubmitOrderforedge3()[pri:0, instance:com.cucmber.pratice.com.cucumber.RunnerClass@514646ef]" started-at="2024-04-17T02:41:11Z" name="SubmitOrderforedge3" finished-at="2024-04-17T02:41:11Z" duration-ms="2" status="PASS">
          <reporter-output>
          </reporter-output>
        </test-method> <!-- SubmitOrderforedge3 -->
      </class> <!-- com.cucmber.pratice.com.cucumber.RunnerClass -->
    </test> <!-- Test -->
  </suite> <!-- Suite -->
</testng-results>
